<?xml version="1.0" encoding="UTF-8"?>
<testsuite xmlns:xsi="http://www.w3.org/2001/XMLSchema-instance" xsi:noNamespaceSchemaLocation="https://maven.apache.org/surefire/maven-surefire-plugin/xsd/surefire-test-report-3.0.xsd" version="3.0" name="QuoterTests" time="1.088" tests="1" errors="0" skipped="0" failures="0">
  <properties>
    <property name="gopherProxySet" value="false"/>
    <property name="awt.toolkit" value="sun.lwawt.macosx.LWCToolkit"/>
    <property name="file.encoding.pkg" value="sun.io"/>
    <property name="java.specification.version" value="1.8"/>
    <property name="sun.cpu.isalist" value=""/>
    <property name="sun.jnu.encoding" value="UTF-8"/>
    <property name="java.class.path" value="/Users/fio/Projects/semester4/COMP41720/lab6/task3/girlsallowed/target/test-classes:/Users/fio/Projects/semester4/COMP41720/lab6/task3/girlsallowed/target/classes:/Users/fio/Projects/semester4/COMP41720/lab6/task3/core/target/classes:/Users/fio/.m2/repository/org/glassfish/metro/webservices-rt/2.4.4/webservices-rt-2.4.4.jar:/Users/fio/.m2/repository/org/glassfish/metro/webservices-api/2.4.4/webservices-api-2.4.4.jar:/Users/fio/.m2/repository/com/typesafe/akka/akka-actor_2.12/2.6.20/akka-actor_2.12-2.6.20.jar:/Users/fio/.m2/repository/org/scala-lang/scala-library/2.12.16/scala-library-2.12.16.jar:/Users/fio/.m2/repository/com/typesafe/config/1.4.2/config-1.4.2.jar:/Users/fio/.m2/repository/org/scala-lang/modules/scala-java8-compat_2.12/0.8.0/scala-java8-compat_2.12-0.8.0.jar:/Users/fio/.m2/repository/junit/junit/4.12/junit-4.12.jar:/Users/fio/.m2/repository/org/hamcrest/hamcrest-core/1.3/hamcrest-core-1.3.jar:/Users/fio/.m2/repository/com/typesafe/akka/akka-testkit_2.12/2.6.20/akka-testkit_2.12-2.6.20.jar:"/>
    <property name="java.vm.vendor" value="Amazon.com Inc."/>
    <property name="sun.arch.data.model" value="64"/>
    <property name="java.vendor.url" value="https://aws.amazon.com/corretto/"/>
    <property name="user.timezone" value=""/>
    <property name="java.vm.specification.version" value="1.8"/>
    <property name="os.name" value="Mac OS X"/>
    <property name="user.country" value="GB"/>
    <property name="sun.java.launcher" value="SUN_STANDARD"/>
    <property name="sun.boot.library.path" value="/Users/fio/Library/Java/JavaVirtualMachines/corretto-1.8.0_382/Contents/Home/jre/lib"/>
    <property name="sun.java.command" value="/Users/fio/Projects/semester4/COMP41720/lab6/task3/girlsallowed/target/surefire/surefirebooter-20231101164845717_11.jar /Users/fio/Projects/semester4/COMP41720/lab6/task3/girlsallowed/target/surefire 2023-11-01T16-48-42_220-jvmRun1 surefire-20231101164845717_9tmp surefire_2-20231101164845717_10tmp"/>
    <property name="surefire.test.class.path" value="/Users/fio/Projects/semester4/COMP41720/lab6/task3/girlsallowed/target/test-classes:/Users/fio/Projects/semester4/COMP41720/lab6/task3/girlsallowed/target/classes:/Users/fio/Projects/semester4/COMP41720/lab6/task3/core/target/classes:/Users/fio/.m2/repository/org/glassfish/metro/webservices-rt/2.4.4/webservices-rt-2.4.4.jar:/Users/fio/.m2/repository/org/glassfish/metro/webservices-api/2.4.4/webservices-api-2.4.4.jar:/Users/fio/.m2/repository/com/typesafe/akka/akka-actor_2.12/2.6.20/akka-actor_2.12-2.6.20.jar:/Users/fio/.m2/repository/org/scala-lang/scala-library/2.12.16/scala-library-2.12.16.jar:/Users/fio/.m2/repository/com/typesafe/config/1.4.2/config-1.4.2.jar:/Users/fio/.m2/repository/org/scala-lang/modules/scala-java8-compat_2.12/0.8.0/scala-java8-compat_2.12-0.8.0.jar:/Users/fio/.m2/repository/junit/junit/4.12/junit-4.12.jar:/Users/fio/.m2/repository/org/hamcrest/hamcrest-core/1.3/hamcrest-core-1.3.jar:/Users/fio/.m2/repository/com/typesafe/akka/akka-testkit_2.12/2.6.20/akka-testkit_2.12-2.6.20.jar:"/>
    <property name="sun.cpu.endian" value="little"/>
    <property name="user.home" value="/Users/fio"/>
    <property name="user.language" value="en"/>
    <property name="java.specification.vendor" value="Oracle Corporation"/>
    <property name="java.home" value="/Users/fio/Library/Java/JavaVirtualMachines/corretto-1.8.0_382/Contents/Home/jre"/>
    <property name="basedir" value="/Users/fio/Projects/semester4/COMP41720/lab6/task3/girlsallowed"/>
    <property name="file.separator" value="/"/>
    <property name="line.separator" value="&#10;"/>
    <property name="java.vm.specification.vendor" value="Oracle Corporation"/>
    <property name="java.specification.name" value="Java Platform API Specification"/>
    <property name="java.awt.graphicsenv" value="sun.awt.CGraphicsEnvironment"/>
    <property name="surefire.real.class.path" value="/Users/fio/Projects/semester4/COMP41720/lab6/task3/girlsallowed/target/surefire/surefirebooter-20231101164845717_11.jar"/>
    <property name="sun.boot.class.path" value="/Users/fio/Library/Java/JavaVirtualMachines/corretto-1.8.0_382/Contents/Home/jre/lib/resources.jar:/Users/fio/Library/Java/JavaVirtualMachines/corretto-1.8.0_382/Contents/Home/jre/lib/rt.jar:/Users/fio/Library/Java/JavaVirtualMachines/corretto-1.8.0_382/Contents/Home/jre/lib/sunrsasign.jar:/Users/fio/Library/Java/JavaVirtualMachines/corretto-1.8.0_382/Contents/Home/jre/lib/jsse.jar:/Users/fio/Library/Java/JavaVirtualMachines/corretto-1.8.0_382/Contents/Home/jre/lib/jce.jar:/Users/fio/Library/Java/JavaVirtualMachines/corretto-1.8.0_382/Contents/Home/jre/lib/charsets.jar:/Users/fio/Library/Java/JavaVirtualMachines/corretto-1.8.0_382/Contents/Home/jre/lib/jfr.jar:/Users/fio/Library/Java/JavaVirtualMachines/corretto-1.8.0_382/Contents/Home/jre/classes"/>
    <property name="sun.management.compiler" value="HotSpot 64-Bit Tiered Compilers"/>
    <property name="java.runtime.version" value="1.8.0_382-b05"/>
    <property name="user.name" value="fio"/>
    <property name="path.separator" value=":"/>
    <property name="os.version" value="14.0"/>
    <property name="java.endorsed.dirs" value="/Users/fio/Library/Java/JavaVirtualMachines/corretto-1.8.0_382/Contents/Home/jre/lib/endorsed"/>
    <property name="java.runtime.name" value="OpenJDK Runtime Environment"/>
    <property name="file.encoding" value="UTF-8"/>
    <property name="java.vm.name" value="OpenJDK 64-Bit Server VM"/>
    <property name="localRepository" value="/Users/fio/.m2/repository"/>
    <property name="java.vendor.url.bug" value="https://github.com/corretto/corretto-8/issues/"/>
    <property name="java.io.tmpdir" value="/var/folders/c1/0p2g0x9n6fq4khgcrhdld8wr0000gn/T/"/>
    <property name="java.version" value="1.8.0_382"/>
    <property name="user.dir" value="/Users/fio/Projects/semester4/COMP41720/lab6/task3/girlsallowed"/>
    <property name="os.arch" value="x86_64"/>
    <property name="java.vm.specification.name" value="Java Virtual Machine Specification"/>
    <property name="java.awt.printerjob" value="sun.lwawt.macosx.CPrinterJob"/>
    <property name="sun.os.patch.level" value="unknown"/>
    <property name="java.library.path" value="/Users/fio/Library/Java/Extensions:/Library/Java/Extensions:/Network/Library/Java/Extensions:/System/Library/Java/Extensions:/usr/lib/java:."/>
    <property name="java.vm.info" value="mixed mode"/>
    <property name="java.vendor" value="Amazon.com Inc."/>
    <property name="java.vm.version" value="25.382-b05"/>
    <property name="java.specification.maintenance.version" value="5"/>
    <property name="java.ext.dirs" value="/Users/fio/Library/Java/Extensions:/Users/fio/Library/Java/JavaVirtualMachines/corretto-1.8.0_382/Contents/Home/jre/lib/ext:/Library/Java/Extensions:/Network/Library/Java/Extensions:/System/Library/Java/Extensions:/usr/lib/java"/>
    <property name="sun.io.unicode.encoding" value="UnicodeBig"/>
    <property name="java.class.version" value="52.0"/>
  </properties>
  <testcase name="quoterTest" classname="QuoterTests" time="0.023"/>
</testsuite>