<?xml version="1.0" encoding="UTF-8"?>
<testsuite xmlns:xsi="http://www.w3.org/2001/XMLSchema-instance" xsi:noNamespaceSchemaLocation="https://maven.apache.org/surefire/maven-surefire-plugin/xsd/surefire-test-report-3.0.xsd" version="3.0" name="QuoterTests" time="2.139" tests="1" errors="0" skipped="0" failures="0">
  <properties>
    <property name="gopherProxySet" value="false"/>
    <property name="awt.toolkit" value="sun.lwawt.macosx.LWCToolkit"/>
    <property name="file.encoding.pkg" value="sun.io"/>
    <property name="java.specification.version" value="1.8"/>
    <property name="sun.cpu.isalist" value=""/>
    <property name="sun.jnu.encoding" value="UTF-8"/>
    <property name="java.class.path" value="/Users/fio/Projects/semester4/COMP41720/lab6/task4/auldfellas/target/test-classes:/Users/fio/Projects/semester4/COMP41720/lab6/task4/auldfellas/target/classes:/Users/fio/Projects/semester4/COMP41720/lab6/task4/core/target/core-0.0.1.jar:/Users/fio/.m2/repository/org/glassfish/metro/webservices-rt/2.4.4/webservices-rt-2.4.4.jar:/Users/fio/.m2/repository/org/glassfish/metro/webservices-api/2.4.4/webservices-api-2.4.4.jar:/Users/fio/.m2/repository/com/typesafe/akka/akka-actor_2.12/2.6.20/akka-actor_2.12-2.6.20.jar:/Users/fio/.m2/repository/org/scala-lang/scala-library/2.12.16/scala-library-2.12.16.jar:/Users/fio/.m2/repository/com/typesafe/config/1.4.2/config-1.4.2.jar:/Users/fio/.m2/repository/org/scala-lang/modules/scala-java8-compat_2.12/0.8.0/scala-java8-compat_2.12-0.8.0.jar:/Users/fio/.m2/repository/com/typesafe/akka/akka-cluster-typed_2.12/2.6.20/akka-cluster-typed_2.12-2.6.20.jar:/Users/fio/.m2/repository/com/typesafe/akka/akka-actor-typed_2.12/2.6.20/akka-actor-typed_2.12-2.6.20.jar:/Users/fio/.m2/repository/com/typesafe/akka/akka-slf4j_2.12/2.6.20/akka-slf4j_2.12-2.6.20.jar:/Users/fio/.m2/repository/org/slf4j/slf4j-api/1.7.36/slf4j-api-1.7.36.jar:/Users/fio/.m2/repository/com/typesafe/akka/akka-cluster_2.12/2.6.20/akka-cluster_2.12-2.6.20.jar:/Users/fio/.m2/repository/com/typesafe/akka/akka-coordination_2.12/2.6.20/akka-coordination_2.12-2.6.20.jar:/Users/fio/.m2/repository/com/typesafe/akka/akka-cluster-tools_2.12/2.6.20/akka-cluster-tools_2.12-2.6.20.jar:/Users/fio/.m2/repository/com/typesafe/akka/akka-distributed-data_2.12/2.6.20/akka-distributed-data_2.12-2.6.20.jar:/Users/fio/.m2/repository/org/lmdbjava/lmdbjava/0.7.0/lmdbjava-0.7.0.jar:/Users/fio/.m2/repository/com/github/jnr/jnr-ffi/2.1.9/jnr-ffi-2.1.9.jar:/Users/fio/.m2/repository/org/ow2/asm/asm/5.0.3/asm-5.0.3.jar:/Users/fio/.m2/repository/org/ow2/asm/asm-commons/5.0.3/asm-commons-5.0.3.jar:/Users/fio/.m2/repository/org/ow2/asm/asm-analysis/5.0.3/asm-analysis-5.0.3.jar:/Users/fio/.m2/repository/org/ow2/asm/asm-tree/5.0.3/asm-tree-5.0.3.jar:/Users/fio/.m2/repository/org/ow2/asm/asm-util/5.0.3/asm-util-5.0.3.jar:/Users/fio/.m2/repository/com/github/jnr/jnr-a64asm/1.0.0/jnr-a64asm-1.0.0.jar:/Users/fio/.m2/repository/com/github/jnr/jnr-x86asm/1.0.2/jnr-x86asm-1.0.2.jar:/Users/fio/.m2/repository/com/github/jnr/jffi/1.2.18/jffi-1.2.18.jar:/Users/fio/.m2/repository/com/github/jnr/jffi/1.2.18/jffi-1.2.18-native.jar:/Users/fio/.m2/repository/com/github/jnr/jnr-constants/0.9.12/jnr-constants-0.9.12.jar:/Users/fio/.m2/repository/junit/junit/4.12/junit-4.12.jar:/Users/fio/.m2/repository/org/hamcrest/hamcrest-core/1.3/hamcrest-core-1.3.jar:/Users/fio/.m2/repository/com/typesafe/akka/akka-remote_2.12/2.6.20/akka-remote_2.12-2.6.20.jar:/Users/fio/.m2/repository/com/typesafe/akka/akka-stream_2.12/2.6.20/akka-stream_2.12-2.6.20.jar:/Users/fio/.m2/repository/com/typesafe/akka/akka-protobuf-v3_2.12/2.6.20/akka-protobuf-v3_2.12-2.6.20.jar:/Users/fio/.m2/repository/org/reactivestreams/reactive-streams/1.0.3/reactive-streams-1.0.3.jar:/Users/fio/.m2/repository/com/typesafe/ssl-config-core_2.12/0.4.3/ssl-config-core_2.12-0.4.3.jar:/Users/fio/.m2/repository/org/scala-lang/modules/scala-parser-combinators_2.12/1.1.2/scala-parser-combinators_2.12-1.1.2.jar:/Users/fio/.m2/repository/com/typesafe/akka/akka-pki_2.12/2.6.20/akka-pki_2.12-2.6.20.jar:/Users/fio/.m2/repository/com/hierynomus/asn-one/0.5.0/asn-one-0.5.0.jar:/Users/fio/.m2/repository/org/agrona/agrona/1.15.1/agrona-1.15.1.jar:/Users/fio/.m2/repository/io/netty/netty/3.10.6.Final/netty-3.10.6.Final.jar:/Users/fio/.m2/repository/com/typesafe/akka/akka-serialization-jackson_2.12/2.6.20/akka-serialization-jackson_2.12-2.6.20.jar:/Users/fio/.m2/repository/com/fasterxml/jackson/core/jackson-core/2.11.4/jackson-core-2.11.4.jar:/Users/fio/.m2/repository/com/fasterxml/jackson/core/jackson-annotations/2.11.4/jackson-annotations-2.11.4.jar:/Users/fio/.m2/repository/com/fasterxml/jackson/core/jackson-databind/2.11.4/jackson-databind-2.11.4.jar:/Users/fio/.m2/repository/com/fasterxml/jackson/datatype/jackson-datatype-jdk8/2.11.4/jackson-datatype-jdk8-2.11.4.jar:/Users/fio/.m2/repository/com/fasterxml/jackson/datatype/jackson-datatype-jsr310/2.11.4/jackson-datatype-jsr310-2.11.4.jar:/Users/fio/.m2/repository/com/fasterxml/jackson/module/jackson-module-parameter-names/2.11.4/jackson-module-parameter-names-2.11.4.jar:/Users/fio/.m2/repository/com/fasterxml/jackson/dataformat/jackson-dataformat-cbor/2.11.4/jackson-dataformat-cbor-2.11.4.jar:/Users/fio/.m2/repository/com/fasterxml/jackson/module/jackson-module-scala_2.12/2.11.4/jackson-module-scala_2.12-2.11.4.jar:/Users/fio/.m2/repository/com/fasterxml/jackson/module/jackson-module-paranamer/2.11.4/jackson-module-paranamer-2.11.4.jar:/Users/fio/.m2/repository/com/thoughtworks/paranamer/paranamer/2.8/paranamer-2.8.jar:/Users/fio/.m2/repository/org/lz4/lz4-java/1.8.0/lz4-java-1.8.0.jar:/Users/fio/.m2/repository/com/typesafe/akka/akka-testkit_2.12/2.6.20/akka-testkit_2.12-2.6.20.jar:"/>
    <property name="java.vm.vendor" value="Amazon.com Inc."/>
    <property name="sun.arch.data.model" value="64"/>
    <property name="java.vendor.url" value="https://aws.amazon.com/corretto/"/>
    <property name="user.timezone" value=""/>
    <property name="java.vm.specification.version" value="1.8"/>
    <property name="os.name" value="Mac OS X"/>
    <property name="user.country" value="GB"/>
    <property name="sun.java.launcher" value="SUN_STANDARD"/>
    <property name="sun.boot.library.path" value="/Users/fio/Library/Java/JavaVirtualMachines/corretto-1.8.0_382/Contents/Home/jre/lib"/>
    <property name="sun.java.command" value="/Users/fio/Projects/semester4/COMP41720/lab6/task4/auldfellas/target/surefire/surefirebooter-20231106142924615_3.jar /Users/fio/Projects/semester4/COMP41720/lab6/task4/auldfellas/target/surefire 2023-11-06T14-29-23_028-jvmRun1 surefire-20231106142924615_1tmp surefire_0-20231106142924615_2tmp"/>
    <property name="surefire.test.class.path" value="/Users/fio/Projects/semester4/COMP41720/lab6/task4/auldfellas/target/test-classes:/Users/fio/Projects/semester4/COMP41720/lab6/task4/auldfellas/target/classes:/Users/fio/Projects/semester4/COMP41720/lab6/task4/core/target/core-0.0.1.jar:/Users/fio/.m2/repository/org/glassfish/metro/webservices-rt/2.4.4/webservices-rt-2.4.4.jar:/Users/fio/.m2/repository/org/glassfish/metro/webservices-api/2.4.4/webservices-api-2.4.4.jar:/Users/fio/.m2/repository/com/typesafe/akka/akka-actor_2.12/2.6.20/akka-actor_2.12-2.6.20.jar:/Users/fio/.m2/repository/org/scala-lang/scala-library/2.12.16/scala-library-2.12.16.jar:/Users/fio/.m2/repository/com/typesafe/config/1.4.2/config-1.4.2.jar:/Users/fio/.m2/repository/org/scala-lang/modules/scala-java8-compat_2.12/0.8.0/scala-java8-compat_2.12-0.8.0.jar:/Users/fio/.m2/repository/com/typesafe/akka/akka-cluster-typed_2.12/2.6.20/akka-cluster-typed_2.12-2.6.20.jar:/Users/fio/.m2/repository/com/typesafe/akka/akka-actor-typed_2.12/2.6.20/akka-actor-typed_2.12-2.6.20.jar:/Users/fio/.m2/repository/com/typesafe/akka/akka-slf4j_2.12/2.6.20/akka-slf4j_2.12-2.6.20.jar:/Users/fio/.m2/repository/org/slf4j/slf4j-api/1.7.36/slf4j-api-1.7.36.jar:/Users/fio/.m2/repository/com/typesafe/akka/akka-cluster_2.12/2.6.20/akka-cluster_2.12-2.6.20.jar:/Users/fio/.m2/repository/com/typesafe/akka/akka-coordination_2.12/2.6.20/akka-coordination_2.12-2.6.20.jar:/Users/fio/.m2/repository/com/typesafe/akka/akka-cluster-tools_2.12/2.6.20/akka-cluster-tools_2.12-2.6.20.jar:/Users/fio/.m2/repository/com/typesafe/akka/akka-distributed-data_2.12/2.6.20/akka-distributed-data_2.12-2.6.20.jar:/Users/fio/.m2/repository/org/lmdbjava/lmdbjava/0.7.0/lmdbjava-0.7.0.jar:/Users/fio/.m2/repository/com/github/jnr/jnr-ffi/2.1.9/jnr-ffi-2.1.9.jar:/Users/fio/.m2/repository/org/ow2/asm/asm/5.0.3/asm-5.0.3.jar:/Users/fio/.m2/repository/org/ow2/asm/asm-commons/5.0.3/asm-commons-5.0.3.jar:/Users/fio/.m2/repository/org/ow2/asm/asm-analysis/5.0.3/asm-analysis-5.0.3.jar:/Users/fio/.m2/repository/org/ow2/asm/asm-tree/5.0.3/asm-tree-5.0.3.jar:/Users/fio/.m2/repository/org/ow2/asm/asm-util/5.0.3/asm-util-5.0.3.jar:/Users/fio/.m2/repository/com/github/jnr/jnr-a64asm/1.0.0/jnr-a64asm-1.0.0.jar:/Users/fio/.m2/repository/com/github/jnr/jnr-x86asm/1.0.2/jnr-x86asm-1.0.2.jar:/Users/fio/.m2/repository/com/github/jnr/jffi/1.2.18/jffi-1.2.18.jar:/Users/fio/.m2/repository/com/github/jnr/jffi/1.2.18/jffi-1.2.18-native.jar:/Users/fio/.m2/repository/com/github/jnr/jnr-constants/0.9.12/jnr-constants-0.9.12.jar:/Users/fio/.m2/repository/junit/junit/4.12/junit-4.12.jar:/Users/fio/.m2/repository/org/hamcrest/hamcrest-core/1.3/hamcrest-core-1.3.jar:/Users/fio/.m2/repository/com/typesafe/akka/akka-remote_2.12/2.6.20/akka-remote_2.12-2.6.20.jar:/Users/fio/.m2/repository/com/typesafe/akka/akka-stream_2.12/2.6.20/akka-stream_2.12-2.6.20.jar:/Users/fio/.m2/repository/com/typesafe/akka/akka-protobuf-v3_2.12/2.6.20/akka-protobuf-v3_2.12-2.6.20.jar:/Users/fio/.m2/repository/org/reactivestreams/reactive-streams/1.0.3/reactive-streams-1.0.3.jar:/Users/fio/.m2/repository/com/typesafe/ssl-config-core_2.12/0.4.3/ssl-config-core_2.12-0.4.3.jar:/Users/fio/.m2/repository/org/scala-lang/modules/scala-parser-combinators_2.12/1.1.2/scala-parser-combinators_2.12-1.1.2.jar:/Users/fio/.m2/repository/com/typesafe/akka/akka-pki_2.12/2.6.20/akka-pki_2.12-2.6.20.jar:/Users/fio/.m2/repository/com/hierynomus/asn-one/0.5.0/asn-one-0.5.0.jar:/Users/fio/.m2/repository/org/agrona/agrona/1.15.1/agrona-1.15.1.jar:/Users/fio/.m2/repository/io/netty/netty/3.10.6.Final/netty-3.10.6.Final.jar:/Users/fio/.m2/repository/com/typesafe/akka/akka-serialization-jackson_2.12/2.6.20/akka-serialization-jackson_2.12-2.6.20.jar:/Users/fio/.m2/repository/com/fasterxml/jackson/core/jackson-core/2.11.4/jackson-core-2.11.4.jar:/Users/fio/.m2/repository/com/fasterxml/jackson/core/jackson-annotations/2.11.4/jackson-annotations-2.11.4.jar:/Users/fio/.m2/repository/com/fasterxml/jackson/core/jackson-databind/2.11.4/jackson-databind-2.11.4.jar:/Users/fio/.m2/repository/com/fasterxml/jackson/datatype/jackson-datatype-jdk8/2.11.4/jackson-datatype-jdk8-2.11.4.jar:/Users/fio/.m2/repository/com/fasterxml/jackson/datatype/jackson-datatype-jsr310/2.11.4/jackson-datatype-jsr310-2.11.4.jar:/Users/fio/.m2/repository/com/fasterxml/jackson/module/jackson-module-parameter-names/2.11.4/jackson-module-parameter-names-2.11.4.jar:/Users/fio/.m2/repository/com/fasterxml/jackson/dataformat/jackson-dataformat-cbor/2.11.4/jackson-dataformat-cbor-2.11.4.jar:/Users/fio/.m2/repository/com/fasterxml/jackson/module/jackson-module-scala_2.12/2.11.4/jackson-module-scala_2.12-2.11.4.jar:/Users/fio/.m2/repository/com/fasterxml/jackson/module/jackson-module-paranamer/2.11.4/jackson-module-paranamer-2.11.4.jar:/Users/fio/.m2/repository/com/thoughtworks/paranamer/paranamer/2.8/paranamer-2.8.jar:/Users/fio/.m2/repository/org/lz4/lz4-java/1.8.0/lz4-java-1.8.0.jar:/Users/fio/.m2/repository/com/typesafe/akka/akka-testkit_2.12/2.6.20/akka-testkit_2.12-2.6.20.jar:"/>
    <property name="sun.cpu.endian" value="little"/>
    <property name="user.home" value="/Users/fio"/>
    <property name="user.language" value="en"/>
    <property name="java.specification.vendor" value="Oracle Corporation"/>
    <property name="java.home" value="/Users/fio/Library/Java/JavaVirtualMachines/corretto-1.8.0_382/Contents/Home/jre"/>
    <property name="basedir" value="/Users/fio/Projects/semester4/COMP41720/lab6/task4/auldfellas"/>
    <property name="file.separator" value="/"/>
    <property name="line.separator" value="&#10;"/>
    <property name="java.vm.specification.vendor" value="Oracle Corporation"/>
    <property name="java.specification.name" value="Java Platform API Specification"/>
    <property name="java.awt.graphicsenv" value="sun.awt.CGraphicsEnvironment"/>
    <property name="surefire.real.class.path" value="/Users/fio/Projects/semester4/COMP41720/lab6/task4/auldfellas/target/surefire/surefirebooter-20231106142924615_3.jar"/>
    <property name="sun.boot.class.path" value="/Users/fio/Library/Java/JavaVirtualMachines/corretto-1.8.0_382/Contents/Home/jre/lib/resources.jar:/Users/fio/Library/Java/JavaVirtualMachines/corretto-1.8.0_382/Contents/Home/jre/lib/rt.jar:/Users/fio/Library/Java/JavaVirtualMachines/corretto-1.8.0_382/Contents/Home/jre/lib/sunrsasign.jar:/Users/fio/Library/Java/JavaVirtualMachines/corretto-1.8.0_382/Contents/Home/jre/lib/jsse.jar:/Users/fio/Library/Java/JavaVirtualMachines/corretto-1.8.0_382/Contents/Home/jre/lib/jce.jar:/Users/fio/Library/Java/JavaVirtualMachines/corretto-1.8.0_382/Contents/Home/jre/lib/charsets.jar:/Users/fio/Library/Java/JavaVirtualMachines/corretto-1.8.0_382/Contents/Home/jre/lib/jfr.jar:/Users/fio/Library/Java/JavaVirtualMachines/corretto-1.8.0_382/Contents/Home/jre/classes"/>
    <property name="sun.management.compiler" value="HotSpot 64-Bit Tiered Compilers"/>
    <property name="java.runtime.version" value="1.8.0_382-b05"/>
    <property name="user.name" value="fio"/>
    <property name="path.separator" value=":"/>
    <property name="os.version" value="14.0"/>
    <property name="java.endorsed.dirs" value="/Users/fio/Library/Java/JavaVirtualMachines/corretto-1.8.0_382/Contents/Home/jre/lib/endorsed"/>
    <property name="java.runtime.name" value="OpenJDK Runtime Environment"/>
    <property name="file.encoding" value="UTF-8"/>
    <property name="java.vm.name" value="OpenJDK 64-Bit Server VM"/>
    <property name="localRepository" value="/Users/fio/.m2/repository"/>
    <property name="java.vendor.url.bug" value="https://github.com/corretto/corretto-8/issues/"/>
    <property name="java.io.tmpdir" value="/var/folders/c1/0p2g0x9n6fq4khgcrhdld8wr0000gn/T/"/>
    <property name="java.version" value="1.8.0_382"/>
    <property name="user.dir" value="/Users/fio/Projects/semester4/COMP41720/lab6/task4/auldfellas"/>
    <property name="os.arch" value="x86_64"/>
    <property name="java.vm.specification.name" value="Java Virtual Machine Specification"/>
    <property name="java.awt.printerjob" value="sun.lwawt.macosx.CPrinterJob"/>
    <property name="sun.os.patch.level" value="unknown"/>
    <property name="java.library.path" value="/Users/fio/Library/Java/Extensions:/Library/Java/Extensions:/Network/Library/Java/Extensions:/System/Library/Java/Extensions:/usr/lib/java:."/>
    <property name="java.vm.info" value="mixed mode"/>
    <property name="java.vendor" value="Amazon.com Inc."/>
    <property name="java.vm.version" value="25.382-b05"/>
    <property name="java.specification.maintenance.version" value="5"/>
    <property name="java.ext.dirs" value="/Users/fio/Library/Java/Extensions:/Users/fio/Library/Java/JavaVirtualMachines/corretto-1.8.0_382/Contents/Home/jre/lib/ext:/Library/Java/Extensions:/Network/Library/Java/Extensions:/System/Library/Java/Extensions:/usr/lib/java"/>
    <property name="sun.io.unicode.encoding" value="UnicodeBig"/>
    <property name="java.class.version" value="52.0"/>
  </properties>
  <testcase name="quoterTest" classname="QuoterTests" time="0.044">
    <system-err><![CDATA[SLF4J: Failed to load class "org.slf4j.impl.StaticLoggerBinder".
SLF4J: Defaulting to no-operation (NOP) logger implementation
SLF4J: See http://www.slf4j.org/codes.html#StaticLoggerBinder for further details.
SLF4J: Failed to load class "org.slf4j.impl.StaticMDCBinder".
SLF4J: Defaulting to no-operation MDCAdapter implementation.
SLF4J: See http://www.slf4j.org/codes.html#no_static_mdc_binder for further details.
]]></system-err>
  </testcase>
</testsuite>